# JRE version: Java(TM) SE Runtime Environment (8.0_101-b13) (build 1.8.0_101-b13)
# Java VM: Java HotSpot(TM) 64-Bit Server VM (25.101-b13 mixed mode windows-amd64 compressed oops)
Heap:
 PSYoungGen      total 141824K, used 131072K [0x000000076af80000, 0x000000077c480000, 0x00000007c0000000)
  eden space 131072K, 100% used [0x000000076af80000,0x0000000772f80000,0x0000000772f80000)
  from space 10752K, 0% used [0x0000000772f80000,0x0000000772f80000,0x0000000773a00000)
  to   space 10752K, 0% used [0x000000077ba00000,0x000000077ba00000,0x000000077c480000)
 ParOldGen       total 269312K, used 258923K [0x00000006c0e00000, 0x000000076af80000, 0x000000076af80000)
  object space 269312K, 96% used [0x00000006c0e00000,0x00000006d0adac08,0x00000006d1500000)
 Metaspace       used 3417K, capacity 4600K, committed 4864K, reserved 1056768K
  class space    used 370K, capacity 424K, committed 512K, reserved 1048576K
GC Heap History (10 events):
Event: 177.117 GC heap after
Heap after GC invocations=186 (full 183):
 PSYoungGen      total 141824K, used 131072K [0x000000076af80000, 0x000000077c480000, 0x00000007c0000000)
  eden space 131072K, 100% used [0x000000076af80000,0x0000000772f80000,0x0000000772f80000)
  from space 10752K, 0% used [0x0000000772f80000,0x0000000772f80000,0x0000000773a00000)
  to   space 10752K, 0% used [0x000000077ba00000,0x000000077ba00000,0x000000077c480000)
 ParOldGen       total 269312K, used 258943K [0x00000006c0e00000, 0x00000006d1500000, 0x000000076af80000)
  object space 269312K, 96% used [0x00000006c0e00000,0x00000006d0adfff0,0x00000006d1500000)
 Metaspace       used 3416K, capacity 4600K, committed 4864K, reserved 1056768K
  class space    used 370K, capacity 424K, committed 512K, reserved 1048576K
}
Event: 177.117 GC heap before
{Heap before GC invocations=187 (full 184):
 PSYoungGen      total 141824K, used 131072K [0x000000076af80000, 0x000000077c480000, 0x00000007c0000000)
  eden space 131072K, 100% used [0x000000076af80000,0x0000000772f80000,0x0000000772f80000)
  from space 10752K, 0% used [0x0000000772f80000,0x0000000772f80000,0x0000000773a00000)
  to   space 10752K, 0% used [0x000000077ba00000,0x000000077ba00000,0x000000077c480000)
 ParOldGen       total 269312K, used 258944K [0x00000006c0e00000, 0x00000006d1500000, 0x000000076af80000)
  object space 269312K, 96% used [0x00000006c0e00000,0x00000006d0ae03f0,0x00000006d1500000)
 Metaspace       used 3416K, capacity 4600K, committed 4864K, reserved 1056768K
  class space    used 370K, capacity 424K, committed 512K, reserved 1048576K
Event: 178.046 GC heap after
Heap after GC invocations=187 (full 184):
 PSYoungGen      total 141824K, used 131072K [0x000000076af80000, 0x000000077c480000, 0x00000007c0000000)
  eden space 131072K, 100% used [0x000000076af80000,0x0000000772f80000,0x0000000772f80000)
  from space 10752K, 0% used [0x0000000772f80000,0x0000000772f80000,0x0000000773a00000)
  to   space 10752K, 0% used [0x000000077ba00000,0x000000077ba00000,0x000000077c480000)
 ParOldGen       total 269312K, used 258944K [0x00000006c0e00000, 0x00000006d1500000, 0x000000076af80000)
  object space 269312K, 96% used [0x00000006c0e00000,0x00000006d0ae03f0,0x00000006d1500000)
 Metaspace       used 3416K, capacity 4600K, committed 4864K, reserved 1056768K
  class space    used 370K, capacity 424K, committed 512K, reserved 1048576K
}
Event: 178.046 GC heap before
{Heap before GC invocations=188 (full 185):
 PSYoungGen      total 141824K, used 131072K [0x000000076af80000, 0x000000077c480000, 0x00000007c0000000)
  eden space 131072K, 100% used [0x000000076af80000,0x0000000772f80000,0x0000000772f80000)
  from space 10752K, 0% used [0x0000000772f80000,0x0000000772f80000,0x0000000773a00000)
  to   space 10752K, 0% used [0x000000077ba00000,0x000000077ba00000,0x000000077c480000)
 ParOldGen       total 269312K, used 258945K [0x00000006c0e00000, 0x00000006d1500000, 0x000000076af80000)
  object space 269312K, 96% used [0x00000006c0e00000,0x00000006d0ae07f0,0x00000006d1500000)
 Metaspace       used 3416K, capacity 4600K, committed 4864K, reserved 1056768K
  class space    used 370K, capacity 424K, committed 512K, reserved 1048576K
Event: 178.994 GC heap after
Heap after GC invocations=188 (full 185):
 PSYoungGen      total 141824K, used 131072K [0x000000076af80000, 0x000000077c480000, 0x00000007c0000000)
  eden space 131072K, 100% used [0x000000076af80000,0x0000000772f80000,0x0000000772f80000)
  from space 10752K, 0% used [0x0000000772f80000,0x0000000772f80000,0x0000000773a00000)
  to   space 10752K, 0% used [0x000000077ba00000,0x000000077ba00000,0x000000077c480000)
 ParOldGen       total 269312K, used 258945K [0x00000006c0e00000, 0x00000006d1500000, 0x000000076af80000)
  object space 269312K, 96% used [0x00000006c0e00000,0x00000006d0ae0768,0x00000006d1500000)
 Metaspace       used 3416K, capacity 4600K, committed 4864K, reserved 1056768K
  class space    used 370K, capacity 424K, committed 512K, reserved 1048576K
}
Event: 178.994 GC heap before
{Heap before GC invocations=189 (full 186):
 PSYoungGen      total 141824K, used 131072K [0x000000076af80000, 0x000000077c480000, 0x00000007c0000000)
  eden space 131072K, 100% used [0x000000076af80000,0x0000000772f80000,0x0000000772f80000)
  from space 10752K, 0% used [0x0000000772f80000,0x0000000772f80000,0x0000000773a00000)
  to   space 10752K, 0% used [0x000000077ba00000,0x000000077ba00000,0x000000077c480000)
 ParOldGen       total 269312K, used 258946K [0x00000006c0e00000, 0x00000006d1500000, 0x000000076af80000)
  object space 269312K, 96% used [0x00000006c0e00000,0x00000006d0ae0b68,0x00000006d1500000)
 Metaspace       used 3416K, capacity 4600K, committed 4864K, reserved 1056768K
  class space    used 370K, capacity 424K, committed 512K, reserved 1048576K
Event: 180.019 GC heap after
Heap after GC invocations=189 (full 186):
 PSYoungGen      total 141824K, used 131072K [0x000000076af80000, 0x000000077c480000, 0x00000007c0000000)
  eden space 131072K, 100% used [0x000000076af80000,0x0000000772f80000,0x0000000772f80000)
  from space 10752K, 0% used [0x0000000772f80000,0x0000000772f80000,0x0000000773a00000)
  to   space 10752K, 0% used [0x000000077ba00000,0x000000077ba00000,0x000000077c480000)
 ParOldGen       total 269312K, used 258921K [0x00000006c0e00000, 0x00000006d1500000, 0x000000076af80000)
  object space 269312K, 96% used [0x00000006c0e00000,0x00000006d0ada7d8,0x00000006d1500000)
 Metaspace       used 3416K, capacity 4600K, committed 4864K, reserved 1056768K
  class space    used 370K, capacity 424K, committed 512K, reserved 1048576K
}
Event: 180.019 GC heap before
{Heap before GC invocations=190 (full 187):
 PSYoungGen      total 141824K, used 131072K [0x000000076af80000, 0x000000077c480000, 0x00000007c0000000)
  eden space 131072K, 100% used [0x000000076af80000,0x0000000772f80000,0x0000000772f80000)
  from space 10752K, 0% used [0x0000000772f80000,0x0000000772f80000,0x0000000773a00000)
  to   space 10752K, 0% used [0x000000077ba00000,0x000000077ba00000,0x000000077c480000)
 ParOldGen       total 269312K, used 258922K [0x00000006c0e00000, 0x00000006d1500000, 0x000000076af80000)
  object space 269312K, 96% used [0x00000006c0e00000,0x00000006d0adabd8,0x00000006d1500000)
 Metaspace       used 3417K, capacity 4600K, committed 4864K, reserved 1056768K
  class space    used 370K, capacity 424K, committed 512K, reserved 1048576K
Event: 180.908 GC heap after
Heap after GC invocations=190 (full 187):
 PSYoungGen      total 141824K, used 131072K [0x000000076af80000, 0x000000077c480000, 0x00000007c0000000)
  eden space 131072K, 100% used [0x000000076af80000,0x0000000772f80000,0x0000000772f80000)
  from space 10752K, 0% used [0x0000000772f80000,0x0000000772f80000,0x0000000773a00000)
  to   space 10752K, 0% used [0x000000077ba00000,0x000000077ba00000,0x000000077c480000)
 ParOldGen       total 269312K, used 258922K [0x00000006c0e00000, 0x00000006d1500000, 0x000000076af80000)
  object space 269312K, 96% used [0x00000006c0e00000,0x00000006d0adabd8,0x00000006d1500000)
 Metaspace       used 3417K, capacity 4600K, committed 4864K, reserved 1056768K
  class space    used 370K, capacity 424K, committed 512K, reserved 1048576K
}
Event: 180.908 GC heap before
{Heap before GC invocations=191 (full 188):
 PSYoungGen      total 141824K, used 131072K [0x000000076af80000, 0x000000077c480000, 0x00000007c0000000)
  eden space 131072K, 100% used [0x000000076af80000,0x0000000772f80000,0x0000000772f80000)
  from space 10752K, 0% used [0x0000000772f80000,0x0000000772f80000,0x0000000773a00000)
  to   space 10752K, 0% used [0x000000077ba00000,0x000000077ba00000,0x000000077c480000)
 ParOldGen       total 269312K, used 258923K [0x00000006c0e00000, 0x00000006d1500000, 0x000000076af80000)
  object space 269312K, 96% used [0x00000006c0e00000,0x00000006d0adafd8,0x00000006d1500000)
 Metaspace       used 3417K, capacity 4600K, committed 4864K, reserved 1056768K
  class space    used 370K, capacity 424K, committed 512K, reserved 1048576K

